2025-05-14 00:50:42,277 - bot - INFO - Bot baþlatýlýyor...
2025-05-14 00:50:43,294 - bot - INFO - Yüklenecek 14 cog bulundu
2025-05-14 01:13:49,877 - bot - INFO - Bot baþlatýlýyor...
2025-05-14 01:13:50,781 - bot - INFO - Yüklenecek 14 cog bulundu
2025-05-14 01:20:28,847 - bot - INFO - Bot baþlatýlýyor...
2025-05-14 01:20:29,833 - bot - INFO - Yüklenecek 14 cog bulundu
2025-05-14 01:26:13,150 - bot - INFO - Bot baþlatýlýyor...
2025-05-14 01:26:14,060 - bot - INFO - [OK] Error handler yüklendi
2025-05-14 01:26:14,060 - bot - INFO - Yüklenecek 14 cog bulundu
2025-05-14 01:26:14,062 - bot - INFO - [OK] Loaded cog: notes.py
2025-05-14 01:26:14,068 - bot - INFO - [OK] Loaded cog: automod.py
2025-05-14 01:26:14,078 - bot - INFO - [OK] Loaded cog: botinfo.py
2025-05-14 01:26:14,080 - bot - INFO - [OK] Loaded cog: game_news.py
2025-05-14 01:26:14,082 - bot - INFO - [OK] Loaded cog: giveaway.py
2025-05-14 01:26:14,082 - bot - INFO - [OK] Loaded cog: information.py
2025-05-14 01:26:14,085 - bot - INFO - [OK] Loaded cog: invite_tracker.py
2025-05-14 01:26:14,086 - bot - INFO - [OK] Loaded cog: leveling.py
2025-05-14 01:26:14,086 - bot - INFO - [OK] Loaded cog: logging.py
2025-05-14 01:26:14,087 - bot - INFO - [OK] Loaded cog: moderation.py
2025-05-14 01:26:14,088 - bot - INFO - [OK] Loaded cog: raid_protection.py
2025-05-14 01:26:14,116 - bot - INFO - [OK] Loaded cog: tasks.py
2025-05-14 01:26:14,117 - bot - INFO - [OK] Loaded cog: utilities.py
2025-05-14 01:26:14,118 - bot - INFO - [OK] Loaded cog: welcome.py
2025-05-14 01:27:15,224 - bot - INFO - Bot baþlatýlýyor...
2025-05-14 01:27:15,869 - bot - INFO - [OK] Error handler yüklendi
2025-05-14 01:27:15,870 - bot - INFO - Yüklenecek 14 cog bulundu
2025-05-14 01:27:15,872 - bot - INFO - [OK] Loaded cog: notes.py
2025-05-14 01:27:15,874 - bot - INFO - [OK] Loaded cog: automod.py
2025-05-14 01:27:15,884 - bot - INFO - [OK] Loaded cog: botinfo.py
2025-05-14 01:27:15,886 - bot - INFO - [OK] Loaded cog: game_news.py
2025-05-14 01:27:15,887 - bot - INFO - [OK] Loaded cog: giveaway.py
2025-05-14 01:27:15,888 - bot - INFO - [OK] Loaded cog: information.py
2025-05-14 01:27:15,890 - bot - INFO - [OK] Loaded cog: invite_tracker.py
2025-05-14 01:27:15,891 - bot - INFO - [OK] Loaded cog: leveling.py
2025-05-14 01:27:15,891 - bot - INFO - [OK] Loaded cog: logging.py
2025-05-14 01:27:15,892 - bot - INFO - [OK] Loaded cog: moderation.py
2025-05-14 01:27:15,894 - bot - INFO - [OK] Loaded cog: raid_protection.py
2025-05-14 01:27:15,921 - bot - INFO - [OK] Loaded cog: tasks.py
2025-05-14 01:27:15,922 - bot - INFO - [OK] Loaded cog: utilities.py
2025-05-14 01:27:15,923 - bot - INFO - [OK] Loaded cog: welcome.py
2025-05-14 01:29:09,554 - bot - INFO - Bot baþlatýlýyor...
2025-05-14 01:29:10,501 - bot - INFO - [OK] Error handler yüklendi
2025-05-14 01:29:10,501 - bot - INFO - Yüklenecek 14 cog bulundu
2025-05-14 01:29:10,504 - bot - INFO - [OK] Loaded cog: notes.py
2025-05-14 01:29:10,506 - bot - INFO - [OK] Loaded cog: automod.py
2025-05-14 01:29:10,515 - bot - INFO - [OK] Loaded cog: botinfo.py
2025-05-14 01:29:10,518 - bot - INFO - [OK] Loaded cog: game_news.py
2025-05-14 01:29:10,520 - bot - INFO - [OK] Loaded cog: giveaway.py
2025-05-14 01:29:10,520 - bot - INFO - [OK] Loaded cog: information.py
2025-05-14 01:29:10,522 - bot - INFO - [OK] Loaded cog: invite_tracker.py
2025-05-14 01:29:10,523 - bot - INFO - [OK] Loaded cog: leveling.py
2025-05-14 01:29:10,524 - bot - INFO - [OK] Loaded cog: logging.py
2025-05-14 01:29:10,525 - bot - INFO - [OK] Loaded cog: moderation.py
2025-05-14 01:29:10,526 - bot - INFO - [OK] Loaded cog: raid_protection.py
2025-05-14 01:29:10,553 - bot - INFO - [OK] Loaded cog: tasks.py
2025-05-14 01:29:10,554 - bot - INFO - [OK] Loaded cog: utilities.py
2025-05-14 01:29:10,554 - bot - INFO - [OK] Loaded cog: welcome.py
2025-05-14 01:29:13,151 - bot - INFO - [OK] Bot is ready as » Lunaris | Moderasyon Botu#6389
2025-05-14 03:07:10,113 - bot - INFO - [OK] Bot is ready as » Lunaris | Moderasyon Botu#6389
2025-05-14 12:46:15,164 - bot - INFO - Bot baþlatýlýyor...
2025-05-14 12:46:15,898 - bot - INFO - [OK] Error handler yüklendi
2025-05-14 12:46:15,898 - bot - INFO - Yüklenecek 14 cog bulundu
2025-05-14 12:46:15,910 - bot - INFO - [OK] Loaded cog: notes.py
2025-05-14 12:46:15,918 - bot - INFO - [OK] Loaded cog: automod.py
2025-05-14 12:46:15,950 - bot - INFO - [OK] Loaded cog: botinfo.py
2025-05-14 12:46:15,960 - bot - INFO - [OK] Loaded cog: game_news.py
2025-05-14 12:46:15,966 - bot - INFO - [OK] Loaded cog: giveaway.py
2025-05-14 12:46:15,967 - bot - INFO - [OK] Loaded cog: information.py
2025-05-14 12:46:15,975 - bot - INFO - [OK] Loaded cog: invite_tracker.py
2025-05-14 12:46:15,981 - bot - INFO - [OK] Loaded cog: leveling.py
2025-05-14 12:46:15,983 - bot - INFO - [OK] Loaded cog: logging.py
2025-05-14 12:46:15,984 - bot - INFO - [OK] Loaded cog: moderation.py
2025-05-14 12:46:15,992 - bot - INFO - [OK] Loaded cog: raid_protection.py
2025-05-14 12:46:17,107 - bot - INFO - [OK] Loaded cog: tasks.py
2025-05-14 12:46:17,108 - bot - INFO - [OK] Loaded cog: utilities.py
2025-05-14 12:46:17,109 - bot - INFO - [OK] Loaded cog: welcome.py
2025-05-14 12:46:19,829 - bot - INFO - [OK] Bot is ready as » Lunaris | Moderasyon Botu#6389
2025-05-14 13:01:46,899 - bot - INFO - Bot baþlatýlýyor...
2025-05-14 13:01:47,944 - bot - INFO - [OK] Error handler yüklendi
2025-05-14 13:01:47,944 - bot - INFO - Yüklenecek 14 cog bulundu
2025-05-14 13:01:47,947 - bot - INFO - [OK] Loaded cog: notes.py
2025-05-14 13:01:47,949 - bot - INFO - [OK] Loaded cog: automod.py
2025-05-14 13:01:47,958 - bot - INFO - [OK] Loaded cog: botinfo.py
2025-05-14 13:01:47,961 - bot - INFO - [OK] Loaded cog: game_news.py
2025-05-14 13:01:47,962 - bot - INFO - [OK] Loaded cog: giveaway.py
2025-05-14 13:01:47,963 - bot - INFO - [OK] Loaded cog: information.py
2025-05-14 13:01:47,965 - bot - INFO - [OK] Loaded cog: invite_tracker.py
2025-05-14 13:01:47,966 - bot - INFO - [OK] Loaded cog: leveling.py
2025-05-14 13:01:47,966 - bot - INFO - [OK] Loaded cog: logging.py
2025-05-14 13:01:47,967 - bot - INFO - [OK] Loaded cog: moderation.py
2025-05-14 13:01:47,969 - bot - INFO - [OK] Loaded cog: raid_protection.py
2025-05-14 13:01:48,001 - bot - INFO - [OK] Loaded cog: tasks.py
2025-05-14 13:01:48,002 - bot - INFO - [OK] Loaded cog: utilities.py
2025-05-14 13:01:48,003 - bot - INFO - [OK] Loaded cog: welcome.py
2025-05-14 13:01:50,824 - bot - INFO - [OK] Bot is ready as » Lunaris | Moderasyon Botu#6389
2025-05-14 13:06:46,345 - bot - INFO - Bot baþlatýlýyor...
2025-05-14 13:06:47,215 - bot - INFO - [OK] Error handler yüklendi
2025-05-14 13:06:47,215 - bot - INFO - Yüklenecek 14 cog bulundu
2025-05-14 13:06:47,218 - bot - INFO - [OK] Loaded cog: notes.py
2025-05-14 13:06:47,220 - bot - INFO - [OK] Loaded cog: automod.py
2025-05-14 13:06:47,230 - bot - INFO - [OK] Loaded cog: botinfo.py
2025-05-14 13:06:47,232 - bot - INFO - [OK] Loaded cog: game_news.py
2025-05-14 13:06:47,234 - bot - INFO - [OK] Loaded cog: giveaway.py
2025-05-14 13:06:47,235 - bot - INFO - [OK] Loaded cog: information.py
2025-05-14 13:06:47,237 - bot - INFO - [OK] Loaded cog: invite_tracker.py
2025-05-14 13:06:47,238 - bot - INFO - [OK] Loaded cog: leveling.py
2025-05-14 13:06:47,238 - bot - INFO - [OK] Loaded cog: logging.py
2025-05-14 13:06:47,239 - bot - INFO - [OK] Loaded cog: moderation.py
2025-05-14 13:06:47,241 - bot - INFO - [OK] Loaded cog: raid_protection.py
2025-05-14 13:06:47,271 - bot - INFO - [OK] Loaded cog: tasks.py
2025-05-14 13:06:47,272 - bot - INFO - [OK] Loaded cog: utilities.py
2025-05-14 13:06:47,273 - bot - INFO - [OK] Loaded cog: welcome.py
2025-05-14 13:06:50,204 - bot - INFO - [OK] Bot is ready as » Lunaris | Moderasyon Botu#6389
2025-05-14 13:09:40,864 - bot - INFO - Bot baþlatýlýyor...
2025-05-14 13:09:41,573 - bot - INFO - [OK] Error handler yüklendi
2025-05-14 13:09:41,573 - bot - INFO - Yüklenecek 14 cog bulundu
2025-05-14 13:09:41,576 - bot - INFO - [OK] Loaded cog: notes.py
2025-05-14 13:09:41,579 - bot - INFO - [OK] Loaded cog: automod.py
2025-05-14 13:09:41,588 - bot - INFO - [OK] Loaded cog: botinfo.py
2025-05-14 13:09:41,591 - bot - INFO - [OK] Loaded cog: game_news.py
2025-05-14 13:09:41,593 - bot - INFO - [OK] Loaded cog: giveaway.py
2025-05-14 13:09:41,594 - bot - INFO - [OK] Loaded cog: information.py
2025-05-14 13:09:41,596 - bot - INFO - [OK] Loaded cog: invite_tracker.py
2025-05-14 13:09:41,604 - bot - INFO - [OK] Loaded cog: leveling.py
2025-05-14 13:09:41,605 - bot - INFO - [OK] Loaded cog: logging.py
2025-05-14 13:09:41,606 - bot - INFO - [OK] Loaded cog: moderation.py
2025-05-14 13:09:41,608 - bot - INFO - [OK] Loaded cog: raid_protection.py
2025-05-14 13:09:41,638 - bot - INFO - [OK] Loaded cog: tasks.py
2025-05-14 13:09:41,640 - bot - INFO - [OK] Loaded cog: utilities.py
2025-05-14 13:09:41,641 - bot - INFO - [OK] Loaded cog: welcome.py
2025-05-14 13:09:44,245 - bot - INFO - [OK] Bot is ready as » Lunaris | Moderasyon Botu#6389
2025-05-14 13:21:37,898 - bot - INFO - Bot baþlatýlýyor...
2025-05-14 13:21:38,556 - bot - INFO - [OK] Error handler yüklendi
2025-05-14 13:21:38,556 - bot - INFO - Yüklenecek 14 cog bulundu
2025-05-14 13:21:38,559 - bot - INFO - [OK] Loaded cog: notes.py
2025-05-14 13:21:38,561 - bot - INFO - [OK] Loaded cog: automod.py
2025-05-14 13:21:38,571 - bot - INFO - [OK] Loaded cog: botinfo.py
2025-05-14 13:21:38,579 - bot - INFO - [OK] Loaded cog: game_news.py
2025-05-14 13:21:38,585 - bot - INFO - [OK] Loaded cog: giveaway.py
2025-05-14 13:21:38,586 - bot - INFO - [OK] Loaded cog: information.py
2025-05-14 13:21:38,591 - bot - INFO - [OK] Loaded cog: invite_tracker.py
2025-05-14 13:21:38,596 - bot - INFO - [OK] Loaded cog: leveling.py
2025-05-14 13:21:38,597 - bot - INFO - [OK] Loaded cog: logging.py
2025-05-14 13:21:38,598 - bot - INFO - [OK] Loaded cog: moderation.py
2025-05-14 13:21:38,603 - bot - INFO - [OK] Loaded cog: raid_protection.py
2025-05-14 13:21:38,632 - bot - INFO - [OK] Loaded cog: tasks.py
2025-05-14 13:21:38,633 - bot - INFO - [OK] Loaded cog: utilities.py
2025-05-14 13:21:38,635 - bot - INFO - [OK] Loaded cog: welcome.py
2025-05-14 13:21:41,513 - bot - INFO - [OK] Bot is ready as » Lunaris | Moderasyon Botu#6389
2025-05-14 20:41:50,052 - bot - INFO - Bot baþlatýlýyor...
2025-05-14 20:41:50,987 - bot - INFO - [OK] Error handler yüklendi
2025-05-14 20:41:50,987 - bot - INFO - Yüklenecek 14 cog bulundu
2025-05-14 20:41:50,998 - bot - INFO - [OK] Loaded cog: notes.py
2025-05-14 20:41:51,008 - bot - INFO - [OK] Loaded cog: automod.py
2025-05-14 20:41:51,041 - bot - INFO - [OK] Loaded cog: botinfo.py
2025-05-14 20:41:51,051 - bot - INFO - [OK] Loaded cog: game_news.py
2025-05-14 20:41:51,059 - bot - INFO - [OK] Loaded cog: giveaway.py
2025-05-14 20:41:51,060 - bot - INFO - [OK] Loaded cog: information.py
2025-05-14 20:41:51,073 - bot - INFO - [OK] Loaded cog: invite_tracker.py
2025-05-14 20:41:51,079 - bot - INFO - [OK] Loaded cog: leveling.py
2025-05-14 20:41:51,081 - bot - INFO - [OK] Loaded cog: logging.py
2025-05-14 20:41:51,082 - bot - INFO - [OK] Loaded cog: moderation.py
2025-05-14 20:41:51,089 - bot - INFO - [OK] Loaded cog: raid_protection.py
2025-05-14 20:41:52,599 - bot - INFO - [OK] Loaded cog: tasks.py
2025-05-14 20:41:52,600 - bot - INFO - [OK] Loaded cog: utilities.py
2025-05-14 20:41:52,600 - bot - INFO - [OK] Loaded cog: welcome.py
2025-05-14 20:41:55,424 - bot - INFO - [OK] Bot is ready as » Lunaris | Moderasyon Botu#6389
2025-05-14 21:25:26,119 - bot - INFO - Bot baþlatýlýyor...
2025-05-14 21:25:27,194 - bot - INFO - [OK] Error handler yüklendi
2025-05-14 21:25:27,195 - bot - INFO - Yüklenecek 14 cog bulundu
2025-05-14 21:25:27,198 - bot - INFO - [OK] Loaded cog: notes.py
2025-05-14 21:25:27,201 - bot - INFO - [OK] Loaded cog: automod.py
2025-05-14 21:25:27,212 - bot - INFO - [OK] Loaded cog: botinfo.py
2025-05-14 21:25:27,216 - bot - INFO - [OK] Loaded cog: game_news.py
2025-05-14 21:25:27,218 - bot - INFO - [OK] Loaded cog: giveaway.py
2025-05-14 21:25:27,219 - bot - INFO - [OK] Loaded cog: information.py
2025-05-14 21:25:27,221 - bot - INFO - [OK] Loaded cog: invite_tracker.py
2025-05-14 21:25:27,223 - bot - INFO - [OK] Loaded cog: leveling.py
2025-05-14 21:25:27,224 - bot - INFO - [OK] Loaded cog: logging.py
2025-05-14 21:25:27,225 - bot - INFO - [OK] Loaded cog: moderation.py
2025-05-14 21:25:27,227 - bot - INFO - [OK] Loaded cog: raid_protection.py
2025-05-14 21:25:27,279 - bot - INFO - [OK] Loaded cog: tasks.py
2025-05-14 21:25:27,280 - bot - INFO - [OK] Loaded cog: utilities.py
2025-05-14 21:25:27,281 - bot - INFO - [OK] Loaded cog: welcome.py
2025-05-14 21:29:30,536 - bot - INFO - Bot baþlatýlýyor...
2025-05-14 21:29:31,474 - bot - INFO - [OK] Error handler yüklendi
2025-05-14 21:29:31,474 - bot - INFO - Yüklenecek 14 cog bulundu
2025-05-14 21:29:31,477 - bot - INFO - [OK] Loaded cog: notes.py
2025-05-14 21:29:31,480 - bot - INFO - [OK] Loaded cog: automod.py
2025-05-14 21:29:31,490 - bot - INFO - [OK] Loaded cog: botinfo.py
2025-05-14 21:29:31,507 - bot - INFO - [OK] Loaded cog: game_news.py
2025-05-14 21:29:31,510 - bot - INFO - [OK] Loaded cog: giveaway.py
2025-05-14 21:29:31,511 - bot - INFO - [OK] Loaded cog: information.py
2025-05-14 21:29:31,513 - bot - INFO - [OK] Loaded cog: invite_tracker.py
2025-05-14 21:29:31,514 - bot - INFO - [OK] Loaded cog: leveling.py
2025-05-14 21:29:31,515 - bot - INFO - [OK] Loaded cog: logging.py
2025-05-14 21:29:31,517 - bot - INFO - [OK] Loaded cog: moderation.py
2025-05-14 21:29:31,518 - bot - INFO - [OK] Loaded cog: raid_protection.py
2025-05-14 21:29:31,550 - bot - INFO - [OK] Loaded cog: tasks.py
2025-05-14 21:29:31,552 - bot - INFO - [OK] Loaded cog: utilities.py
2025-05-14 21:29:31,552 - bot - INFO - [OK] Loaded cog: welcome.py
2025-05-14 21:29:34,384 - bot - INFO - [OK] Bot is ready as » Lunaris | Moderasyon Botu#6389
2025-05-14 21:30:33,784 - bot - INFO - Bot baþlatýlýyor...
2025-05-14 21:30:34,642 - bot - INFO - [OK] Error handler yüklendi
2025-05-14 21:30:34,642 - bot - INFO - Yüklenecek 14 cog bulundu
2025-05-14 21:30:34,645 - bot - INFO - [OK] Loaded cog: notes.py
2025-05-14 21:30:34,648 - bot - INFO - [OK] Loaded cog: automod.py
2025-05-14 21:30:34,660 - bot - INFO - [OK] Loaded cog: botinfo.py
2025-05-14 21:30:34,669 - bot - INFO - [OK] Loaded cog: game_news.py
2025-05-14 21:30:34,671 - bot - INFO - [OK] Loaded cog: giveaway.py
2025-05-14 21:30:34,672 - bot - INFO - [OK] Loaded cog: information.py
2025-05-14 21:30:34,675 - bot - INFO - [OK] Loaded cog: invite_tracker.py
2025-05-14 21:30:34,676 - bot - INFO - [OK] Loaded cog: leveling.py
2025-05-14 21:30:34,677 - bot - INFO - [OK] Loaded cog: logging.py
2025-05-14 21:30:34,678 - bot - INFO - [OK] Loaded cog: moderation.py
2025-05-14 21:30:34,680 - bot - INFO - [OK] Loaded cog: raid_protection.py
2025-05-14 21:30:34,713 - bot - INFO - [OK] Loaded cog: tasks.py
2025-05-14 21:30:34,714 - bot - INFO - [OK] Loaded cog: utilities.py
2025-05-14 21:30:34,715 - bot - INFO - [OK] Loaded cog: welcome.py
2025-05-14 21:30:37,396 - bot - INFO - [OK] Bot is ready as » Lunaris | Moderasyon Botu#6389
